<?xml version="1.0" encoding="UTF-8"?>
<testng-results skipped="0" failed="0" ignored="0" total="3" passed="3">
  <reporter-output>
  </reporter-output>
  <suite name="Suite" duration-ms="10982" started-at="2021-02-14T19:35:33 IST" finished-at="2021-02-14T19:35:44 IST">
    <groups>
    </groups>
    <test name="Test" duration-ms="10982" started-at="2021-02-14T19:35:33 IST" finished-at="2021-02-14T19:35:44 IST">
      <class name="Tests.HomePage">
        <test-method status="PASS" signature="initiliazation()[pri:0, instance:Tests.HomePage@396f6598]" name="initiliazation" is-config="true" duration-ms="2007" started-at="2021-02-14T19:35:33 IST" finished-at="2021-02-14T19:35:35 IST">
          <reporter-output>
          </reporter-output>
        </test-method> <!-- initiliazation -->
        <test-method status="PASS" signature="HomePageNavigation(java.lang.String, java.lang.String, java.lang.String)[pri:0, instance:Tests.HomePage@396f6598]" name="HomePageNavigation" duration-ms="3264" started-at="2021-02-14T19:35:38 IST" data-provider="data" finished-at="2021-02-14T19:35:42 IST">
          <params>
            <param index="0">
              <value>
                <![CDATA[nonrestricteduser@qw.com]]>
              </value>
            </param>
            <param index="1">
              <value>
                <![CDATA[123456]]>
              </value>
            </param>
            <param index="2">
              <value>
                <![CDATA[Non Restricted User]]>
              </value>
            </param>
          </params>
          <reporter-output>
          </reporter-output>
        </test-method> <!-- HomePageNavigation -->
        <test-method status="PASS" signature="HomePageNavigation(java.lang.String, java.lang.String, java.lang.String)[pri:0, instance:Tests.HomePage@396f6598]" name="HomePageNavigation" duration-ms="2071" started-at="2021-02-14T19:35:42 IST" data-provider="data" finished-at="2021-02-14T19:35:44 IST">
          <params>
            <param index="0">
              <value>
                <![CDATA[restricteduser@qw.com]]>
              </value>
            </param>
            <param index="1">
              <value>
                <![CDATA[456788]]>
              </value>
            </param>
            <param index="2">
              <value>
                <![CDATA[Restricted User]]>
              </value>
            </param>
          </params>
          <reporter-output>
          </reporter-output>
        </test-method> <!-- HomePageNavigation -->
        <test-method status="PASS" signature="tearDown()[pri:0, instance:Tests.HomePage@396f6598]" name="tearDown" is-config="true" duration-ms="64" started-at="2021-02-14T19:35:44 IST" finished-at="2021-02-14T19:35:44 IST">
          <reporter-output>
          </reporter-output>
        </test-method> <!-- tearDown -->
      </class> <!-- Tests.HomePage -->
      <class name="Tests.validateTitle">
        <test-method status="PASS" signature="initiliazation()[pri:0, instance:Tests.validateTitle@5a1c0542]" name="initiliazation" is-config="true" duration-ms="522" started-at="2021-02-14T19:35:35 IST" finished-at="2021-02-14T19:35:36 IST">
          <reporter-output>
          </reporter-output>
        </test-method> <!-- initiliazation -->
        <test-method status="PASS" signature="getTitle(java.lang.String)[pri:0, instance:Tests.validateTitle@5a1c0542]" name="getTitle" duration-ms="2788" started-at="2021-02-14T19:35:36 IST" data-provider="title" finished-at="2021-02-14T19:35:38 IST">
          <params>
            <param index="0">
              <value>
                <![CDATA[FEATURED COURSES]]>
              </value>
            </param>
          </params>
          <reporter-output>
          </reporter-output>
        </test-method> <!-- getTitle -->
        <test-method status="PASS" signature="tearDown()[pri:0, instance:Tests.validateTitle@5a1c0542]" name="tearDown" is-config="true" duration-ms="209" started-at="2021-02-14T19:35:44 IST" finished-at="2021-02-14T19:35:44 IST">
          <reporter-output>
          </reporter-output>
        </test-method> <!-- tearDown -->
      </class> <!-- Tests.validateTitle -->
    </test> <!-- Test -->
  </suite> <!-- Suite -->
</testng-results>
