<?xml version="1.0" encoding="UTF-8"?>
<testng-results skipped="0" failed="0" ignored="0" total="1" passed="1">
  <reporter-output>
  </reporter-output>
  <suite name="Default suite" duration-ms="57" started-at="2021-01-03T03:51:06 IST" finished-at="2021-01-03T03:51:06 IST">
    <groups>
    </groups>
    <test name="Default test" duration-ms="57" started-at="2021-01-03T03:51:06 IST" finished-at="2021-01-03T03:51:06 IST">
      <class name="maven.test">
        <test-method status="PASS" signature="BrowserAutomation()[pri:0, instance:maven.test@3d99d22e]" name="BrowserAutomation" duration-ms="10" started-at="2021-01-03T03:51:06 IST" finished-at="2021-01-03T03:51:06 IST">
          <reporter-output>
          </reporter-output>
        </test-method> <!-- BrowserAutomation -->
      </class> <!-- maven.test -->
    </test> <!-- Default test -->
  </suite> <!-- Default suite -->
</testng-results>
