<?xml version="1.0" encoding="UTF-8"?>
<testng-results skipped="0" failed="0" ignored="1" total="2" passed="1">
  <reporter-output>
  </reporter-output>
  <suite name="Suite" duration-ms="43" started-at="2021-01-03T20:34:03Z" finished-at="2021-01-03T20:34:03Z">
    <groups>
    </groups>
    <test name="Test" duration-ms="43" started-at="2021-01-03T20:34:03Z" finished-at="2021-01-03T20:34:03Z">
      <class name="maven.Maventest">
        <test-method status="PASS" signature="test()[pri:0, instance:maven.Maventest@5f341870]" name="test" duration-ms="19" started-at="2021-01-03T20:34:03Z" finished-at="2021-01-03T20:34:03Z">
          <reporter-output>
          </reporter-output>
        </test-method> <!-- test -->
      </class> <!-- maven.Maventest -->
    </test> <!-- Test -->
  </suite> <!-- Suite -->
</testng-results>
