<?xml version="1.0" encoding="UTF-8"?>
<!-- Generated by org.testng.reporters.JUnitXMLReporter -->
<testsuite hostname="Gurlaptop301" ignored="1" name="Default test" tests="2" failures="0" timestamp="2021-03-14T18:39:51 IST" time="13.049" errors="0">
  <testcase name="addBook" time="12.071" classname="Book.bookfunc"/>
  <testcase name="addBook" time="0.843" classname="Book.bookfunc"/>
  <testcase name="intProd" time="0.0" classname="Book.bookfunc">
    <ignored/>
  </testcase> <!-- intProd -->
</testsuite> <!-- Default test -->
