<?xml version="1.0" encoding="UTF-8"?>
<testng-results skipped="0" failed="0" ignored="0" total="1" passed="1">
  <reporter-output>
  </reporter-output>
  <suite name="Default suite" duration-ms="111" started-at="2021-04-06T10:45:28 IST" finished-at="2021-04-06T10:45:28 IST">
    <groups>
    </groups>
    <test name="Default test" duration-ms="111" started-at="2021-04-06T10:45:28 IST" finished-at="2021-04-06T10:45:28 IST">
      <class name="resources.Utils">
        <test-method status="PASS" signature="getDate()[pri:0, instance:resources.Utils@48503868]" name="getDate" duration-ms="43" started-at="2021-04-06T10:45:28 IST" finished-at="2021-04-06T10:45:28 IST">
          <reporter-output>
          </reporter-output>
        </test-method> <!-- getDate -->
      </class> <!-- resources.Utils -->
    </test> <!-- Default test -->
  </suite> <!-- Default suite -->
</testng-results>
