<?xml version="1.0" encoding="UTF-8"?>
<!-- Generated by org.testng.reporters.JUnitXMLReporter -->
<testsuite hostname="Gurlaptop301" ignored="10" name="Default test" tests="1" failures="0" timestamp="2021-03-30T14:49:36 IST" time="1.291" errors="0">
  <testcase name="fibnacci" time="1.226" classname="test.tests1221"/>
  <testcase name="test2" time="0.0" classname="test.tests1221">
    <ignored/>
  </testcase> <!-- test2 -->
  <testcase name="palindrome" time="0.0" classname="test.tests1221">
    <ignored/>
  </testcase> <!-- palindrome -->
  <testcase name="regex" time="0.0" classname="test.tests1221">
    <ignored/>
  </testcase> <!-- regex -->
  <testcase name="charCount" time="0.0" classname="test.tests1221">
    <ignored/>
  </testcase> <!-- charCount -->
  <testcase name="api" time="0.0" classname="test.tests1221">
    <ignored/>
  </testcase> <!-- api -->
  <testcase name="charCount1" time="0.0" classname="test.tests1221">
    <ignored/>
  </testcase> <!-- charCount1 -->
  <testcase name="test11" time="0.0" classname="test.tests1221">
    <ignored/>
  </testcase> <!-- test11 -->
  <testcase name="regex2Boundary" time="0.0" classname="test.tests1221">
    <ignored/>
  </testcase> <!-- regex2Boundary -->
  <testcase name="regex1" time="0.0" classname="test.tests1221">
    <ignored/>
  </testcase> <!-- regex1 -->
  <testcase name="test1" time="0.0" classname="test.tests1221">
    <ignored/>
  </testcase> <!-- test1 -->
</testsuite> <!-- Default test -->
