<?xml version="1.0" encoding="UTF-8"?>
<testng-results skipped="0" failed="0" ignored="0" total="1" passed="1">
  <reporter-output>
  </reporter-output>
  <suite name="Default suite" duration-ms="3936" started-at="2021-01-06T22:08:29Z" finished-at="2021-01-06T22:08:33Z">
    <groups>
    </groups>
    <test name="Default test" duration-ms="3936" started-at="2021-01-06T22:08:29Z" finished-at="2021-01-06T22:08:33Z">
      <class name="maven.extent.test">
        <test-method status="PASS" signature="config()[pri:0, instance:maven.extent.test@3f49dace]" name="config" is-config="true" duration-ms="328" started-at="2021-01-06T22:08:29Z" finished-at="2021-01-06T22:08:29Z">
          <reporter-output>
          </reporter-output>
        </test-method> <!-- config -->
        <test-method status="PASS" signature="Test()[pri:0, instance:maven.extent.test@3f49dace]" name="Test" duration-ms="3589" started-at="2021-01-06T22:08:29Z" finished-at="2021-01-06T22:08:33Z">
          <reporter-output>
          </reporter-output>
        </test-method> <!-- Test -->
      </class> <!-- maven.extent.test -->
    </test> <!-- Default test -->
  </suite> <!-- Default suite -->
</testng-results>
