<?xml version="1.0" encoding="UTF-8"?>
<!-- Generated by org.testng.reporters.JUnitXMLReporter -->
<testsuite hostname="demonSlayer" ignored="0" name="Test" tests="3" failures="0" timestamp="2021-02-14T19:35:44 IST" time="10.982" errors="0">
  <testcase name="getTitle" time="2.788" classname="Tests.validateTitle"/>
  <testcase name="HomePageNavigation" time="3.264" classname="Tests.HomePage"/>
  <testcase name="HomePageNavigation" time="2.071" classname="Tests.HomePage"/>
</testsuite> <!-- Test -->
