<?xml version="1.0" encoding="UTF-8"?>
<testng-results skipped="0" failed="0" ignored="10" total="11" passed="1">
  <reporter-output>
  </reporter-output>
  <suite name="Default suite" duration-ms="1291" started-at="2021-03-30T14:49:35 IST" finished-at="2021-03-30T14:49:36 IST">
    <groups>
    </groups>
    <test name="Default test" duration-ms="1291" started-at="2021-03-30T14:49:35 IST" finished-at="2021-03-30T14:49:36 IST">
      <class name="test.tests1221">
        <test-method status="PASS" signature="fibnacci()[pri:0, instance:test.tests1221@23faf8f2]" name="fibnacci" duration-ms="1226" started-at="2021-03-30T14:49:35 IST" finished-at="2021-03-30T14:49:36 IST">
          <reporter-output>
          </reporter-output>
        </test-method> <!-- fibnacci -->
      </class> <!-- test.tests1221 -->
    </test> <!-- Default test -->
  </suite> <!-- Default suite -->
</testng-results>
