<?xml version="1.0" encoding="UTF-8"?>
<testng-results skipped="0" failed="0" total="3" passed="3">
  <reporter-output>
  </reporter-output>
  <suite name="Default suite" duration-ms="40" started-at="2021-01-02T20:43:21Z" finished-at="2021-01-02T20:43:21Z">
    <groups>
    </groups>
    <test name="Default test" duration-ms="40" started-at="2021-01-02T20:43:21Z" finished-at="2021-01-02T20:43:21Z">
      <class name="testng.test4">
        <test-method status="PASS" signature="test(java.lang.String, java.lang.String)[pri:0, instance:testng.test4@4206a205]" name="test" duration-ms="13" started-at="2021-01-03T02:13:21Z" data-provider="data" finished-at="2021-01-03T02:13:21Z">
          <params>
            <param index="0">
              <value>
                <![CDATA[Aditya]]>
              </value>
            </param>
            <param index="1">
              <value>
                <![CDATA[24]]>
              </value>
            </param>
          </params>
          <reporter-output>
          </reporter-output>
        </test-method> <!-- test -->
        <test-method status="PASS" signature="test(java.lang.String, java.lang.String)[pri:0, instance:testng.test4@4206a205]" name="test" duration-ms="2" started-at="2021-01-03T02:13:21Z" data-provider="data" finished-at="2021-01-03T02:13:21Z">
          <params>
            <param index="0">
              <value>
                <![CDATA[Ram]]>
              </value>
            </param>
            <param index="1">
              <value>
                <![CDATA[25]]>
              </value>
            </param>
          </params>
          <reporter-output>
          </reporter-output>
        </test-method> <!-- test -->
        <test-method status="PASS" signature="test(java.lang.String, java.lang.String)[pri:0, instance:testng.test4@4206a205]" name="test" duration-ms="1" started-at="2021-01-03T02:13:21Z" data-provider="data" finished-at="2021-01-03T02:13:21Z">
          <params>
            <param index="0">
              <value>
                <![CDATA[Adi]]>
              </value>
            </param>
            <param index="1">
              <value>
                <![CDATA[22]]>
              </value>
            </param>
          </params>
          <reporter-output>
          </reporter-output>
        </test-method> <!-- test -->
      </class> <!-- testng.test4 -->
    </test> <!-- Default test -->
  </suite> <!-- Default suite -->
</testng-results>
