<?xml version="1.0" encoding="UTF-8"?>
<testng-results skipped="0" failed="0" ignored="0" total="1" passed="1">
  <reporter-output>
  </reporter-output>
  <suite name="Default suite" duration-ms="120" started-at="2021-03-31T17:22:55 IST" finished-at="2021-03-31T17:22:55 IST">
    <groups>
    </groups>
    <test name="Default test" duration-ms="120" started-at="2021-03-31T17:22:55 IST" finished-at="2021-03-31T17:22:55 IST">
      <class name="testing">
        <test-method status="PASS" signature="test()[pri:0, instance:testing@61f8bee4]" name="test" duration-ms="49" started-at="2021-03-31T17:22:55 IST" finished-at="2021-03-31T17:22:55 IST">
          <reporter-output>
          </reporter-output>
        </test-method> <!-- test -->
      </class> <!-- testing -->
    </test> <!-- Default test -->
  </suite> <!-- Default suite -->
</testng-results>
