<?xml version="1.0" encoding="UTF-8"?>
<!-- Generated by org.testng.reporters.JUnitXMLReporter -->
<testsuite hostname="Gurlaptop301" name="stuff" tests="7" failures="0" timestamp="2 Jan 2021 20:05:36 GMT" time="0.141" errors="0">
  <testcase name="testPrint" time="0.017" classname="testng.test"/>
  <testcase name="Pass" time="0.004" classname="testng.test"/>
  <testcase name="Pass" time="0.002" classname="testng.test2"/>
  <testcase name="check" time="0.003" classname="testng.test2"/>
  <testcase name="test1" time="0.0" classname="testng.test2">
    <skipped/>
  </testcase> <!-- test1 -->
  <testcase name="AtestPrint" time="0.004" classname="testng.test2"/>
  <testcase name="dependson" time="0.004" classname="testng.test2"/>
</testsuite> <!-- stuff -->
